# JRE version: Java(TM) SE Runtime Environment 18.9 (11.0.9+7) (build 11.0.9+7-LTS)
# Java VM: Java HotSpot(TM) 64-Bit Server VM 18.9 (11.0.9+7-LTS, mixed mode, tiered, g1 gc, windows-amd64)
Heap:
 garbage-first heap   total 4030464K, used 349532K [0x0000024dfe000000, 0x0000026dfe000000)
  region size 32768K, 1 young (32768K), 1 survivors (32768K)
 Metaspace       used 148476K, capacity 159219K, committed 159396K, reserved 159744K
GC Heap History (10 events):
Event: 62.162 GC heap after
{Heap after GC invocations=52 (full 0):
 garbage-first heap   total 1933312K, used 344327K [0x0000024dfe000000, 0x0000026dfe000000)
  region size 32768K, 1 young (32768K), 1 survivors (32768K)
 Metaspace       used 144601K, capacity 154712K, committed 154788K, reserved 155648K
}
Event: 63.763 GC heap before
{Heap before GC invocations=52 (full 0):
 garbage-first heap   total 1933312K, used 573703K [0x0000024dfe000000, 0x0000026dfe000000)
  region size 32768K, 9 young (294912K), 1 survivors (32768K)
 Metaspace       used 145175K, capacity 155392K, committed 155556K, reserved 155648K
}
Event: 63.891 GC heap after
{Heap after GC invocations=53 (full 0):
 garbage-first heap   total 2752512K, used 345627K [0x0000024dfe000000, 0x0000026dfe000000)
  region size 32768K, 1 young (32768K), 1 survivors (32768K)
 Metaspace       used 145175K, capacity 155392K, committed 155556K, reserved 155648K
}
Event: 66.051 GC heap before
{Heap before GC invocations=53 (full 0):
 garbage-first heap   total 2752512K, used 607771K [0x0000024dfe000000, 0x0000026dfe000000)
  region size 32768K, 9 young (294912K), 1 survivors (32768K)
 Metaspace       used 146383K, capacity 156894K, committed 157092K, reserved 157696K
}
Event: 66.090 GC heap after
{Heap after GC invocations=54 (full 0):
 garbage-first heap   total 2752512K, used 348815K [0x0000024dfe000000, 0x0000026dfe000000)
  region size 32768K, 1 young (32768K), 1 survivors (32768K)
 Metaspace       used 146383K, capacity 156894K, committed 157092K, reserved 157696K
}
Event: 68.335 GC heap before
{Heap before GC invocations=54 (full 0):
 garbage-first heap   total 2752512K, used 643727K [0x0000024dfe000000, 0x0000026dfe000000)
  region size 32768K, 11 young (360448K), 1 survivors (32768K)
 Metaspace       used 147755K, capacity 158468K, committed 158628K, reserved 159744K
}
Event: 68.369 GC heap after
{Heap after GC invocations=55 (full 0):
 garbage-first heap   total 2752512K, used 351052K [0x0000024dfe000000, 0x0000026dfe000000)
  region size 32768K, 1 young (32768K), 1 survivors (32768K)
 Metaspace       used 147755K, capacity 158468K, committed 158628K, reserved 159744K
}
Event: 69.695 GC heap before
{Heap before GC invocations=55 (full 0):
 garbage-first heap   total 2752512K, used 678732K [0x0000024dfe000000, 0x0000026dfe000000)
  region size 32768K, 12 young (393216K), 1 survivors (32768K)
 Metaspace       used 148073K, capacity 158804K, committed 158884K, reserved 159744K
}
Event: 69.759 GC heap after
{Heap after GC invocations=56 (full 0):
 garbage-first heap   total 2752512K, used 350533K [0x0000024dfe000000, 0x0000026dfe000000)
  region size 32768K, 1 young (32768K), 1 survivors (32768K)
 Metaspace       used 148073K, capacity 158804K, committed 158884K, reserved 159744K
}
Event: 71.561 GC heap before
{Heap before GC invocations=56 (full 0):
 garbage-first heap   total 2752512K, used 678213K [0x0000024dfe000000, 0x0000026dfe000000)
  region size 32768K, 12 young (393216K), 1 survivors (32768K)
 Metaspace       used 148476K, capacity 159219K, committed 159396K, reserved 159744K
}

