# JRE version: Java(TM) SE Runtime Environment 18.9 (11.0.9+7) (build 11.0.9+7-LTS)
# Java VM: Java HotSpot(TM) 64-Bit Server VM 18.9 (11.0.9+7-LTS, mixed mode, tiered, g1 gc, windows-amd64)
Heap:
 garbage-first heap   total 7340032K, used 557056K [0x000002933a000000, 0x000002b33a000000)
  region size 32768K, 1 young (32768K), 1 survivors (32768K)
 Metaspace       used 128728K, capacity 135922K, committed 136148K, reserved 137216K
GC Heap History (10 events):
Event: 49.556 GC heap after
{Heap after GC invocations=38 (full 0):
 garbage-first heap   total 2392064K, used 439597K [0x000002933a000000, 0x000002b33a000000)
  region size 32768K, 1 young (32768K), 1 survivors (32768K)
 Metaspace       used 121794K, capacity 128342K, committed 128468K, reserved 129024K
}
Event: 50.458 GC heap before
{Heap before GC invocations=38 (full 0):
 garbage-first heap   total 2392064K, used 570669K [0x000002933a000000, 0x000002b33a000000)
  region size 32768K, 6 young (196608K), 1 survivors (32768K)
 Metaspace       used 121908K, capacity 128454K, committed 128468K, reserved 129024K
}
Event: 50.605 GC heap after
{Heap after GC invocations=39 (full 0):
 garbage-first heap   total 4096000K, used 467278K [0x000002933a000000, 0x000002b33a000000)
  region size 32768K, 1 young (32768K), 1 survivors (32768K)
 Metaspace       used 121908K, capacity 128454K, committed 128468K, reserved 129024K
}
Event: 51.554 GC heap before
{Heap before GC invocations=39 (full 0):
 garbage-first heap   total 4096000K, used 598350K [0x000002933a000000, 0x000002b33a000000)
  region size 32768K, 6 young (196608K), 1 survivors (32768K)
 Metaspace       used 122095K, capacity 128688K, committed 128724K, reserved 129024K
}
Event: 51.726 GC heap after
{Heap after GC invocations=40 (full 0):
 garbage-first heap   total 4096000K, used 474862K [0x000002933a000000, 0x000002b33a000000)
  region size 32768K, 1 young (32768K), 1 survivors (32768K)
 Metaspace       used 122095K, capacity 128688K, committed 128724K, reserved 129024K
}
Event: 52.841 GC heap before
{Heap before GC invocations=40 (full 0):
 garbage-first heap   total 4096000K, used 638702K [0x000002933a000000, 0x000002b33a000000)
  region size 32768K, 6 young (196608K), 1 survivors (32768K)
 Metaspace       used 122120K, capacity 128698K, committed 128724K, reserved 129024K
}
Event: 52.984 GC heap after
{Heap after GC invocations=41 (full 0):
 garbage-first heap   total 4096000K, used 517647K [0x000002933a000000, 0x000002b33a000000)
  region size 32768K, 1 young (32768K), 1 survivors (32768K)
 Metaspace       used 122120K, capacity 128698K, committed 128724K, reserved 129024K
}
Event: 55.352 GC heap before
{Heap before GC invocations=41 (full 0):
 garbage-first heap   total 4096000K, used 648719K [0x000002933a000000, 0x000002b33a000000)
  region size 32768K, 6 young (196608K), 1 survivors (32768K)
 Metaspace       used 127653K, capacity 134603K, committed 134612K, reserved 135168K
}
Event: 55.395 GC heap after
{Heap after GC invocations=42 (full 0):
 garbage-first heap   total 4096000K, used 514781K [0x000002933a000000, 0x000002b33a000000)
  region size 32768K, 1 young (32768K), 1 survivors (32768K)
 Metaspace       used 127653K, capacity 134603K, committed 134612K, reserved 135168K
}
Event: 56.210 GC heap before
{Heap before GC invocations=42 (full 0):
 garbage-first heap   total 4096000K, used 678621K [0x000002933a000000, 0x000002b33a000000)
  region size 32768K, 7 young (229376K), 1 survivors (32768K)
 Metaspace       used 128728K, capacity 135922K, committed 136148K, reserved 137216K
}

