# JRE version: Java(TM) SE Runtime Environment 18.9 (11.0.9+7) (build 11.0.9+7-LTS)
# Java VM: Java HotSpot(TM) 64-Bit Server VM 18.9 (11.0.9+7-LTS, mixed mode, tiered, g1 gc, windows-amd64)
Heap:
 garbage-first heap   total 7143424K, used 511762K [0x0000017d7c000000, 0x0000019d7c000000)
  region size 32768K, 1 young (32768K), 1 survivors (32768K)
 Metaspace       used 131756K, capacity 139354K, committed 139476K, reserved 141312K
GC Heap History (10 events):
Event: 71.966 GC heap after
{Heap after GC invocations=42 (full 0):
 garbage-first heap   total 2424832K, used 452548K [0x0000017d7c000000, 0x0000019d7c000000)
  region size 32768K, 1 young (32768K), 1 survivors (32768K)
 Metaspace       used 122181K, capacity 128799K, committed 128980K, reserved 129024K
}
Event: 74.774 GC heap before
{Heap before GC invocations=42 (full 0):
 garbage-first heap   total 2424832K, used 681924K [0x0000017d7c000000, 0x0000019d7c000000)
  region size 32768K, 9 young (294912K), 1 survivors (32768K)
 Metaspace       used 127670K, capacity 134611K, committed 134612K, reserved 135168K
}
Event: 74.987 GC heap after
{Heap after GC invocations=43 (full 0):
 garbage-first heap   total 3014656K, used 507601K [0x0000017d7c000000, 0x0000019d7c000000)
  region size 32768K, 2 young (65536K), 2 survivors (65536K)
 Metaspace       used 127670K, capacity 134611K, committed 134612K, reserved 135168K
}
Event: 78.349 GC heap before
{Heap before GC invocations=43 (full 0):
 garbage-first heap   total 3014656K, used 736977K [0x0000017d7c000000, 0x0000019d7c000000)
  region size 32768K, 10 young (327680K), 2 survivors (65536K)
 Metaspace       used 129242K, capacity 136455K, committed 136660K, reserved 137216K
}
Event: 78.647 GC heap after
{Heap after GC invocations=44 (full 0):
 garbage-first heap   total 3014656K, used 491178K [0x0000017d7c000000, 0x0000019d7c000000)
  region size 32768K, 2 young (65536K), 2 survivors (65536K)
 Metaspace       used 129242K, capacity 136455K, committed 136660K, reserved 137216K
}
Event: 79.015 GC heap before
{Heap before GC invocations=44 (full 0):
 garbage-first heap   total 3014656K, used 556714K [0x0000017d7c000000, 0x0000019d7c000000)
  region size 32768K, 4 young (131072K), 2 survivors (65536K)
 Metaspace       used 129298K, capacity 136554K, committed 136660K, reserved 137216K
}
Event: 79.171 GC heap after
{Heap after GC invocations=45 (full 0):
 garbage-first heap   total 3014656K, used 507846K [0x0000017d7c000000, 0x0000019d7c000000)
  region size 32768K, 1 young (32768K), 1 survivors (32768K)
 Metaspace       used 129298K, capacity 136554K, committed 136660K, reserved 137216K
}
Event: 79.881 GC heap before
{Heap before GC invocations=45 (full 0):
 garbage-first heap   total 3014656K, used 606150K [0x0000017d7c000000, 0x0000019d7c000000)
  region size 32768K, 4 young (131072K), 1 survivors (32768K)
 Metaspace       used 129410K, capacity 136646K, committed 136660K, reserved 137216K
}
Event: 80.435 GC heap after
{Heap after GC invocations=46 (full 0):
 garbage-first heap   total 3014656K, used 509977K [0x0000017d7c000000, 0x0000019d7c000000)
  region size 32768K, 1 young (32768K), 1 survivors (32768K)
 Metaspace       used 129410K, capacity 136646K, committed 136660K, reserved 137216K
}
Event: 84.178 GC heap before
{Heap before GC invocations=46 (full 0):
 garbage-first heap   total 3014656K, used 575513K [0x0000017d7c000000, 0x0000019d7c000000)
  region size 32768K, 4 young (131072K), 1 survivors (32768K)
 Metaspace       used 131756K, capacity 139354K, committed 139476K, reserved 141312K
}

