# JRE version: Java(TM) SE Runtime Environment 18.9 (11.0.9+7) (build 11.0.9+7-LTS)
# Java VM: Java HotSpot(TM) 64-Bit Server VM 18.9 (11.0.9+7-LTS, mixed mode, tiered, g1 gc, windows-amd64)
Heap:
 garbage-first heap   total 6914048K, used 454035K [0x0000025138000000, 0x0000027138000000)
  region size 32768K, 1 young (32768K), 1 survivors (32768K)
 Metaspace       used 160805K, capacity 175070K, committed 175268K, reserved 176128K
GC Heap History (10 events):
Event: 150.711 GC heap after
{Heap after GC invocations=77 (full 0):
 garbage-first heap   total 5177344K, used 393227K [0x0000025138000000, 0x0000027138000000)
  region size 32768K, 1 young (32768K), 1 survivors (32768K)
 Metaspace       used 156192K, capacity 168652K, committed 168868K, reserved 169984K
}
Event: 153.220 GC heap before
{Heap before GC invocations=77 (full 0):
 garbage-first heap   total 5177344K, used 1015819K [0x0000025138000000, 0x0000027138000000)
  region size 32768K, 19 young (622592K), 1 survivors (32768K)
 Metaspace       used 156720K, capacity 169464K, committed 169636K, reserved 169984K
}
Event: 153.240 GC heap after
{Heap after GC invocations=78 (full 0):
 garbage-first heap   total 5177344K, used 441831K [0x0000025138000000, 0x0000027138000000)
  region size 32768K, 1 young (32768K), 1 survivors (32768K)
 Metaspace       used 156720K, capacity 169464K, committed 169636K, reserved 169984K
}
Event: 156.660 GC heap before
{Heap before GC invocations=78 (full 0):
 garbage-first heap   total 5177344K, used 1162727K [0x0000025138000000, 0x0000027138000000)
  region size 32768K, 24 young (786432K), 1 survivors (32768K)
 Metaspace       used 157138K, capacity 169961K, committed 170148K, reserved 172032K
}
Event: 156.693 GC heap after
{Heap after GC invocations=79 (full 0):
 garbage-first heap   total 5177344K, used 245204K [0x0000025138000000, 0x0000027138000000)
  region size 32768K, 1 young (32768K), 1 survivors (32768K)
 Metaspace       used 157138K, capacity 169961K, committed 170148K, reserved 172032K
}
Event: 161.105 GC heap before
{Heap before GC invocations=79 (full 0):
 garbage-first heap   total 5177344K, used 1195476K [0x0000025138000000, 0x0000027138000000)
  region size 32768K, 31 young (1015808K), 1 survivors (32768K)
 Metaspace       used 158001K, capacity 171127K, committed 171172K, reserved 172032K
}
Event: 161.141 GC heap after
{Heap after GC invocations=80 (full 0):
 garbage-first heap   total 5177344K, used 250920K [0x0000025138000000, 0x0000027138000000)
  region size 32768K, 1 young (32768K), 1 survivors (32768K)
 Metaspace       used 158001K, capacity 171127K, committed 171172K, reserved 172032K
}
Event: 166.215 GC heap before
{Heap before GC invocations=80 (full 0):
 garbage-first heap   total 5177344K, used 1266728K [0x0000025138000000, 0x0000027138000000)
  region size 32768K, 33 young (1081344K), 1 survivors (32768K)
 Metaspace       used 159854K, capacity 173445K, committed 173476K, reserved 174080K
}
Event: 166.278 GC heap after
{Heap after GC invocations=81 (full 0):
 garbage-first heap   total 5177344K, used 259072K [0x0000025138000000, 0x0000027138000000)
  region size 32768K, 1 young (32768K), 1 survivors (32768K)
 Metaspace       used 159854K, capacity 173445K, committed 173476K, reserved 174080K
}
Event: 170.961 GC heap before
{Heap before GC invocations=81 (full 0):
 garbage-first heap   total 5177344K, used 1504256K [0x0000025138000000, 0x0000027138000000)
  region size 32768K, 34 young (1114112K), 1 survivors (32768K)
 Metaspace       used 160805K, capacity 175070K, committed 175268K, reserved 176128K
}

