# JRE version: Java(TM) SE Runtime Environment 18.9 (11.0.9+7) (build 11.0.9+7-LTS)
# Java VM: Java HotSpot(TM) 64-Bit Server VM 18.9 (11.0.9+7-LTS, mixed mode, tiered, g1 gc, windows-amd64)
Heap:
 garbage-first heap   total 6258688K, used 323051K [0x0000021be0000000, 0x0000023be0000000)
  region size 32768K, 1 young (32768K), 1 survivors (32768K)
 Metaspace       used 161545K, capacity 176205K, committed 176292K, reserved 178176K
GC Heap History (10 events):
Event: 202.958 GC heap after
{Heap after GC invocations=68 (full 0):
 garbage-first heap   total 3440640K, used 381227K [0x0000021be0000000, 0x0000023be0000000)
  region size 32768K, 1 young (32768K), 1 survivors (32768K)
 Metaspace       used 161000K, capacity 175349K, committed 175524K, reserved 176128K
}
Event: 203.534 GC heap before
{Heap before GC invocations=68 (full 0):
 garbage-first heap   total 3440640K, used 512299K [0x0000021be0000000, 0x0000023be0000000)
  region size 32768K, 5 young (163840K), 1 survivors (32768K)
 Metaspace       used 161054K, capacity 175410K, committed 175524K, reserved 176128K
}
Event: 203.549 GC heap after
{Heap after GC invocations=69 (full 0):
 garbage-first heap   total 3440640K, used 380358K [0x0000021be0000000, 0x0000023be0000000)
  region size 32768K, 1 young (32768K), 1 survivors (32768K)
 Metaspace       used 161054K, capacity 175410K, committed 175524K, reserved 176128K
}
Event: 204.439 GC heap before
{Heap before GC invocations=69 (full 0):
 garbage-first heap   total 3440640K, used 511430K [0x0000021be0000000, 0x0000023be0000000)
  region size 32768K, 5 young (163840K), 1 survivors (32768K)
 Metaspace       used 161212K, capacity 175631K, committed 175780K, reserved 176128K
}
Event: 204.456 GC heap after
{Heap after GC invocations=70 (full 0):
 garbage-first heap   total 3440640K, used 315492K [0x0000021be0000000, 0x0000023be0000000)
  region size 32768K, 1 young (32768K), 1 survivors (32768K)
 Metaspace       used 161212K, capacity 175631K, committed 175780K, reserved 176128K
}
Event: 205.238 GC heap before
{Heap before GC invocations=70 (full 0):
 garbage-first heap   total 3440640K, used 479332K [0x0000021be0000000, 0x0000023be0000000)
  region size 32768K, 6 young (196608K), 1 survivors (32768K)
 Metaspace       used 161232K, capacity 175635K, committed 175780K, reserved 176128K
}
Event: 205.278 GC heap after
{Heap after GC invocations=71 (full 0):
 garbage-first heap   total 3440640K, used 320943K [0x0000021be0000000, 0x0000023be0000000)
  region size 32768K, 1 young (32768K), 1 survivors (32768K)
 Metaspace       used 161232K, capacity 175635K, committed 175780K, reserved 176128K
}
Event: 206.179 GC heap before
{Heap before GC invocations=71 (full 0):
 garbage-first heap   total 3440640K, used 484783K [0x0000021be0000000, 0x0000023be0000000)
  region size 32768K, 7 young (229376K), 1 survivors (32768K)
 Metaspace       used 161382K, capacity 176013K, committed 176036K, reserved 176128K
}
Event: 206.215 GC heap after
{Heap after GC invocations=72 (full 0):
 garbage-first heap   total 3440640K, used 322222K [0x0000021be0000000, 0x0000023be0000000)
  region size 32768K, 1 young (32768K), 1 survivors (32768K)
 Metaspace       used 161382K, capacity 176013K, committed 176036K, reserved 176128K
}
Event: 206.830 GC heap before
{Heap before GC invocations=72 (full 0):
 garbage-first heap   total 3440640K, used 486062K [0x0000021be0000000, 0x0000023be0000000)
  region size 32768K, 7 young (229376K), 1 survivors (32768K)
 Metaspace       used 161545K, capacity 176205K, committed 176292K, reserved 178176K
}

