# JRE version: Java(TM) SE Runtime Environment 18.9 (11.0.9+7) (build 11.0.9+7-LTS)
# Java VM: Java HotSpot(TM) 64-Bit Server VM 18.9 (11.0.9+7-LTS, mixed mode, tiered, g1 gc, windows-amd64)
Heap:
 garbage-first heap   total 4259840K, used 526353K [0x0000020664000000, 0x0000022664000000)
  region size 32768K, 2 young (65536K), 2 survivors (65536K)
 Metaspace       used 160758K, capacity 175191K, committed 175360K, reserved 176128K
GC Heap History (10 events):
Event: 139.245 GC heap after
{Heap after GC invocations=67 (full 0):
 garbage-first heap   total 2326528K, used 774315K [0x0000020664000000, 0x0000022664000000)
  region size 32768K, 2 young (65536K), 2 survivors (65536K)
 Metaspace       used 156005K, capacity 168585K, committed 168704K, reserved 169984K
}
Event: 144.048 GC heap before
{Heap before GC invocations=67 (full 0):
 garbage-first heap   total 2326528K, used 1790123K [0x0000020664000000, 0x0000022664000000)
  region size 32768K, 30 young (983040K), 2 survivors (65536K)
 Metaspace       used 156467K, capacity 169108K, committed 169216K, reserved 169984K
}
Event: 144.181 GC heap after
{Heap after GC invocations=68 (full 0):
 garbage-first heap   total 3375104K, used 643808K [0x0000020664000000, 0x0000022664000000)
  region size 32768K, 2 young (65536K), 2 survivors (65536K)
 Metaspace       used 156467K, capacity 169108K, committed 169216K, reserved 169984K
}
Event: 151.827 GC heap before
{Heap before GC invocations=68 (full 0):
 garbage-first heap   total 3375104K, used 1888992K [0x0000020664000000, 0x0000022664000000)
  region size 32768K, 31 young (1015808K), 2 survivors (65536K)
 Metaspace       used 156766K, capacity 169516K, committed 169728K, reserved 169984K
}
Event: 151.962 GC heap after
{Heap after GC invocations=69 (full 0):
 garbage-first heap   total 3375104K, used 651111K [0x0000020664000000, 0x0000022664000000)
  region size 32768K, 2 young (65536K), 2 survivors (65536K)
 Metaspace       used 156766K, capacity 169516K, committed 169728K, reserved 169984K
}
Event: 157.180 GC heap before
{Heap before GC invocations=69 (full 0):
 garbage-first heap   total 3375104K, used 1634151K [0x0000020664000000, 0x0000022664000000)
  region size 32768K, 33 young (1081344K), 2 survivors (65536K)
 Metaspace       used 157749K, capacity 170767K, committed 171008K, reserved 172032K
}
Event: 157.264 GC heap after
{Heap after GC invocations=70 (full 0):
 garbage-first heap   total 3375104K, used 310984K [0x0000020664000000, 0x0000022664000000)
  region size 32768K, 1 young (32768K), 1 survivors (32768K)
 Metaspace       used 157749K, capacity 170767K, committed 171008K, reserved 172032K
}
Event: 171.659 GC heap before
{Heap before GC invocations=70 (full 0):
 garbage-first heap   total 3375104K, used 2309832K [0x0000020664000000, 0x0000022664000000)
  region size 32768K, 61 young (1998848K), 1 survivors (32768K)
 Metaspace       used 159115K, capacity 172707K, committed 172800K, reserved 174080K
}
Event: 171.971 GC heap after
{Heap after GC invocations=71 (full 0):
 garbage-first heap   total 3375104K, used 389433K [0x0000020664000000, 0x0000022664000000)
  region size 32768K, 2 young (65536K), 2 survivors (65536K)
 Metaspace       used 159115K, capacity 172707K, committed 172800K, reserved 174080K
}
Event: 192.552 GC heap before
{Heap before GC invocations=71 (full 0):
 garbage-first heap   total 3375104K, used 2421049K [0x0000020664000000, 0x0000022664000000)
  region size 32768K, 61 young (1998848K), 2 survivors (65536K)
 Metaspace       used 160758K, capacity 175191K, committed 175360K, reserved 176128K
}

