# JRE version: Java(TM) SE Runtime Environment 18.9 (11.0.9+7) (build 11.0.9+7-LTS)
# Java VM: Java HotSpot(TM) 64-Bit Server VM 18.9 (11.0.9+7-LTS, mixed mode, tiered, g1 gc, windows-amd64)
Heap:
 garbage-first heap   total 3899392K, used 441798K [0x000001a7d0000000, 0x000001c7d0000000)
  region size 32768K, 1 young (32768K), 1 survivors (32768K)
 Metaspace       used 156863K, capacity 169777K, committed 169984K, reserved 169984K
GC Heap History (10 events):
Event: 103.059 GC heap after
{Heap after GC invocations=61 (full 0):
 garbage-first heap   total 1933312K, used 394041K [0x000001a7d0000000, 0x000001c7d0000000)
  region size 32768K, 2 young (65536K), 2 survivors (65536K)
 Metaspace       used 153568K, capacity 165405K, committed 165632K, reserved 165888K
}
Event: 107.734 GC heap before
{Heap before GC invocations=61 (full 0):
 garbage-first heap   total 1933312K, used 1442617K [0x000001a7d0000000, 0x000001c7d0000000)
  region size 32768K, 35 young (1146880K), 2 survivors (65536K)
 Metaspace       used 154016K, capacity 166182K, committed 166400K, reserved 167936K
}
Event: 108.041 GC heap after
{Heap after GC invocations=62 (full 0):
 garbage-first heap   total 2686976K, used 395514K [0x000001a7d0000000, 0x000001c7d0000000)
  region size 32768K, 2 young (65536K), 2 survivors (65536K)
 Metaspace       used 154016K, capacity 166182K, committed 166400K, reserved 167936K
}
Event: 112.981 GC heap before
{Heap before GC invocations=62 (full 0):
 garbage-first heap   total 2686976K, used 1378554K [0x000001a7d0000000, 0x000001c7d0000000)
  region size 32768K, 33 young (1081344K), 2 survivors (65536K)
 Metaspace       used 154234K, capacity 166424K, committed 166656K, reserved 167936K
}
Event: 113.127 GC heap after
{Heap after GC invocations=63 (full 0):
 garbage-first heap   total 2686976K, used 261532K [0x000001a7d0000000, 0x000001c7d0000000)
  region size 32768K, 2 young (65536K), 2 survivors (65536K)
 Metaspace       used 154234K, capacity 166424K, committed 166656K, reserved 167936K
}
Event: 120.592 GC heap before
{Heap before GC invocations=63 (full 0):
 garbage-first heap   total 2686976K, used 1736092K [0x000001a7d0000000, 0x000001c7d0000000)
  region size 32768K, 36 young (1179648K), 2 survivors (65536K)
 Metaspace       used 155155K, capacity 167667K, committed 167680K, reserved 167936K
}
Event: 120.638 GC heap after
{Heap after GC invocations=64 (full 0):
 garbage-first heap   total 2686976K, used 639011K [0x000001a7d0000000, 0x000001c7d0000000)
  region size 32768K, 1 young (32768K), 1 survivors (32768K)
 Metaspace       used 155155K, capacity 167667K, committed 167680K, reserved 167936K
}
Event: 133.215 GC heap before
{Heap before GC invocations=64 (full 0):
 garbage-first heap   total 2686976K, used 2637859K [0x000001a7d0000000, 0x000001c7d0000000)
  region size 32768K, 49 young (1605632K), 1 survivors (32768K)
 Metaspace       used 155956K, capacity 168541K, committed 168704K, reserved 169984K
}
Event: 133.347 GC heap after
{Heap after GC invocations=65 (full 0):
 garbage-first heap   total 2719744K, used 903637K [0x000001a7d0000000, 0x000001c7d0000000)
  region size 32768K, 1 young (32768K), 1 survivors (32768K)
 Metaspace       used 155956K, capacity 168541K, committed 168704K, reserved 169984K
}
Event: 142.239 GC heap before
{Heap before GC invocations=65 (full 0):
 garbage-first heap   total 2719744K, used 2410965K [0x000001a7d0000000, 0x000001c7d0000000)
  region size 32768K, 44 young (1441792K), 1 survivors (32768K)
 Metaspace       used 156863K, capacity 169777K, committed 169984K, reserved 169984K
}

