# JRE version: Java(TM) SE Runtime Environment 18.9 (11.0.9+7) (build 11.0.9+7-LTS)
# Java VM: Java HotSpot(TM) 64-Bit Server VM 18.9 (11.0.9+7-LTS, mixed mode, tiered, g1 gc, windows-amd64)
Heap:
 garbage-first heap   total 5341184K, used 510174K [0x000001d2ba000000, 0x000001f2ba000000)
  region size 32768K, 1 young (32768K), 1 survivors (32768K)
 Metaspace       used 156682K, capacity 169280K, committed 169380K, reserved 169984K
GC Heap History (10 events):
Event: 131.950 GC heap after
{Heap after GC invocations=67 (full 0):
 garbage-first heap   total 4161536K, used 439150K [0x000001d2ba000000, 0x000001f2ba000000)
  region size 32768K, 1 young (32768K), 1 survivors (32768K)
 Metaspace       used 156057K, capacity 168401K, committed 168612K, reserved 169984K
}
Event: 133.140 GC heap before
{Heap before GC invocations=67 (full 0):
 garbage-first heap   total 4161536K, used 701294K [0x000001d2ba000000, 0x000001f2ba000000)
  region size 32768K, 6 young (196608K), 1 survivors (32768K)
 Metaspace       used 156160K, capacity 168649K, committed 168868K, reserved 169984K
}
Event: 133.202 GC heap after
{Heap after GC invocations=68 (full 0):
 garbage-first heap   total 4161536K, used 438751K [0x000001d2ba000000, 0x000001f2ba000000)
  region size 32768K, 1 young (32768K), 1 survivors (32768K)
 Metaspace       used 156160K, capacity 168649K, committed 168868K, reserved 169984K
}
Event: 134.533 GC heap before
{Heap before GC invocations=68 (full 0):
 garbage-first heap   total 4161536K, used 635359K [0x000001d2ba000000, 0x000001f2ba000000)
  region size 32768K, 8 young (262144K), 1 survivors (32768K)
 Metaspace       used 156298K, capacity 168818K, committed 168868K, reserved 169984K
}
Event: 134.554 GC heap after
{Heap after GC invocations=69 (full 0):
 garbage-first heap   total 4161536K, used 435505K [0x000001d2ba000000, 0x000001f2ba000000)
  region size 32768K, 1 young (32768K), 1 survivors (32768K)
 Metaspace       used 156298K, capacity 168818K, committed 168868K, reserved 169984K
}
Event: 136.623 GC heap before
{Heap before GC invocations=69 (full 0):
 garbage-first heap   total 4161536K, used 828721K [0x000001d2ba000000, 0x000001f2ba000000)
  region size 32768K, 10 young (327680K), 1 survivors (32768K)
 Metaspace       used 156456K, capacity 168996K, committed 169124K, reserved 169984K
}
Event: 136.651 GC heap after
{Heap after GC invocations=70 (full 0):
 garbage-first heap   total 4161536K, used 374048K [0x000001d2ba000000, 0x000001f2ba000000)
  region size 32768K, 1 young (32768K), 1 survivors (32768K)
 Metaspace       used 156456K, capacity 168996K, committed 169124K, reserved 169984K
}
Event: 138.541 GC heap before
{Heap before GC invocations=70 (full 0):
 garbage-first heap   total 4161536K, used 963872K [0x000001d2ba000000, 0x000001f2ba000000)
  region size 32768K, 14 young (458752K), 1 survivors (32768K)
 Metaspace       used 156549K, capacity 169100K, committed 169124K, reserved 169984K
}
Event: 138.577 GC heap after
{Heap after GC invocations=71 (full 0):
 garbage-first heap   total 4161536K, used 572191K [0x000001d2ba000000, 0x000001f2ba000000)
  region size 32768K, 1 young (32768K), 1 survivors (32768K)
 Metaspace       used 156549K, capacity 169100K, committed 169124K, reserved 169984K
}
Event: 142.090 GC heap before
{Heap before GC invocations=71 (full 0):
 garbage-first heap   total 4161536K, used 1096479K [0x000001d2ba000000, 0x000001f2ba000000)
  region size 32768K, 16 young (524288K), 1 survivors (32768K)
 Metaspace       used 156682K, capacity 169280K, committed 169380K, reserved 169984K
}

