# JRE version: Java(TM) SE Runtime Environment 18.9 (11.0.9+7) (build 11.0.9+7-LTS)
# Java VM: Java HotSpot(TM) 64-Bit Server VM 18.9 (11.0.9+7-LTS, mixed mode, tiered, g1 gc, windows-amd64)
Heap:
 garbage-first heap   total 4915200K, used 596825K [0x0000023a64000000, 0x0000025a64000000)
  region size 32768K, 1 young (32768K), 1 survivors (32768K)
 Metaspace       used 155839K, capacity 168143K, committed 168248K, reserved 169984K
GC Heap History (10 events):
Event: 171.598 GC heap after
{Heap after GC invocations=79 (full 0):
 garbage-first heap   total 3342336K, used 193303K [0x0000023a64000000, 0x0000025a64000000)
  region size 32768K, 1 young (32768K), 1 survivors (32768K)
 Metaspace       used 154593K, capacity 166461K, committed 166712K, reserved 167936K
}
Event: 171.974 GC heap before
{Heap before GC invocations=79 (full 0):
 garbage-first heap   total 3342336K, used 389911K [0x0000023a64000000, 0x0000025a64000000)
  region size 32768K, 7 young (229376K), 1 survivors (32768K)
 Metaspace       used 154606K, capacity 166461K, committed 166712K, reserved 167936K
}
Event: 172.006 GC heap after
{Heap after GC invocations=80 (full 0):
 garbage-first heap   total 3342336K, used 194970K [0x0000023a64000000, 0x0000025a64000000)
  region size 32768K, 1 young (32768K), 1 survivors (32768K)
 Metaspace       used 154606K, capacity 166461K, committed 166712K, reserved 167936K
}
Event: 173.448 GC heap before
{Heap before GC invocations=80 (full 0):
 garbage-first heap   total 3342336K, used 424346K [0x0000023a64000000, 0x0000025a64000000)
  region size 32768K, 9 young (294912K), 1 survivors (32768K)
 Metaspace       used 154686K, capacity 166645K, committed 166712K, reserved 167936K
}
Event: 173.474 GC heap after
{Heap after GC invocations=81 (full 0):
 garbage-first heap   total 3342336K, used 196441K [0x0000023a64000000, 0x0000025a64000000)
  region size 32768K, 1 young (32768K), 1 survivors (32768K)
 Metaspace       used 154686K, capacity 166645K, committed 166712K, reserved 167936K
}
Event: 178.194 GC heap before
{Heap before GC invocations=81 (full 0):
 garbage-first heap   total 3342336K, used 753497K [0x0000023a64000000, 0x0000025a64000000)
  region size 32768K, 11 young (360448K), 1 survivors (32768K)
 Metaspace       used 155117K, capacity 167147K, committed 167224K, reserved 167936K
}
Event: 178.222 GC heap after
{Heap after GC invocations=82 (full 0):
 garbage-first heap   total 3342336K, used 454747K [0x0000023a64000000, 0x0000025a64000000)
  region size 32768K, 1 young (32768K), 1 survivors (32768K)
 Metaspace       used 155117K, capacity 167147K, committed 167224K, reserved 167936K
}
Event: 181.099 GC heap before
{Heap before GC invocations=82 (full 0):
 garbage-first heap   total 3342336K, used 847963K [0x0000023a64000000, 0x0000025a64000000)
  region size 32768K, 14 young (458752K), 1 survivors (32768K)
 Metaspace       used 155536K, capacity 167771K, committed 167992K, reserved 169984K
}
Event: 181.133 GC heap after
{Heap after GC invocations=83 (full 0):
 garbage-first heap   total 3342336K, used 457951K [0x0000023a64000000, 0x0000025a64000000)
  region size 32768K, 1 young (32768K), 1 survivors (32768K)
 Metaspace       used 155536K, capacity 167771K, committed 167992K, reserved 169984K
}
Event: 186.720 GC heap before
{Heap before GC invocations=83 (full 0):
 garbage-first heap   total 3342336K, used 1178847K [0x0000023a64000000, 0x0000025a64000000)
  region size 32768K, 16 young (524288K), 1 survivors (32768K)
 Metaspace       used 155839K, capacity 168143K, committed 168248K, reserved 169984K
}

