# JRE version: Java(TM) SE Runtime Environment 18.9 (11.0.9+7) (build 11.0.9+7-LTS)
# Java VM: Java HotSpot(TM) 64-Bit Server VM 18.9 (11.0.9+7-LTS, mixed mode, tiered, g1 gc, windows-amd64)
Heap:
 garbage-first heap   total 6520832K, used 251305K [0x0000014b6c000000, 0x0000016b6c000000)
  region size 32768K, 1 young (32768K), 1 survivors (32768K)
 Metaspace       used 157457K, capacity 170397K, committed 170404K, reserved 172032K
GC Heap History (10 events):
Event: 155.625 GC heap after
{Heap after GC invocations=66 (full 0):
 garbage-first heap   total 5242880K, used 572497K [0x0000014b6c000000, 0x0000016b6c000000)
  region size 32768K, 1 young (32768K), 1 survivors (32768K)
 Metaspace       used 156055K, capacity 168680K, committed 168868K, reserved 169984K
}
Event: 157.249 GC heap before
{Heap before GC invocations=66 (full 0):
 garbage-first heap   total 5242880K, used 834641K [0x0000014b6c000000, 0x0000016b6c000000)
  region size 32768K, 10 young (327680K), 1 survivors (32768K)
 Metaspace       used 156192K, capacity 168826K, committed 168868K, reserved 169984K
}
Event: 157.269 GC heap after
{Heap after GC invocations=67 (full 0):
 garbage-first heap   total 5242880K, used 378890K [0x0000014b6c000000, 0x0000016b6c000000)
  region size 32768K, 1 young (32768K), 1 survivors (32768K)
 Metaspace       used 156192K, capacity 168826K, committed 168868K, reserved 169984K
}
Event: 159.411 GC heap before
{Heap before GC invocations=67 (full 0):
 garbage-first heap   total 5242880K, used 870410K [0x0000014b6c000000, 0x0000016b6c000000)
  region size 32768K, 13 young (425984K), 1 survivors (32768K)
 Metaspace       used 156257K, capacity 168895K, committed 169124K, reserved 169984K
}
Event: 159.443 GC heap after
{Heap after GC invocations=68 (full 0):
 garbage-first heap   total 5242880K, used 510922K [0x0000014b6c000000, 0x0000016b6c000000)
  region size 32768K, 1 young (32768K), 1 survivors (32768K)
 Metaspace       used 156257K, capacity 168895K, committed 169124K, reserved 169984K
}
Event: 162.359 GC heap before
{Heap before GC invocations=68 (full 0):
 garbage-first heap   total 5242880K, used 1100746K [0x0000014b6c000000, 0x0000016b6c000000)
  region size 32768K, 16 young (524288K), 1 survivors (32768K)
 Metaspace       used 156435K, capacity 169086K, committed 169124K, reserved 169984K
}
Event: 162.387 GC heap after
{Heap after GC invocations=69 (full 0):
 garbage-first heap   total 5242880K, used 510932K [0x0000014b6c000000, 0x0000016b6c000000)
  region size 32768K, 1 young (32768K), 1 survivors (32768K)
 Metaspace       used 156435K, capacity 169086K, committed 169124K, reserved 169984K
}
Event: 164.951 GC heap before
{Heap before GC invocations=69 (full 0):
 garbage-first heap   total 5242880K, used 1133524K [0x0000014b6c000000, 0x0000016b6c000000)
  region size 32768K, 21 young (688128K), 1 survivors (32768K)
 Metaspace       used 156928K, capacity 169826K, committed 169892K, reserved 169984K
}
Event: 165.013 GC heap after
{Heap after GC invocations=70 (full 0):
 garbage-first heap   total 5242880K, used 198059K [0x0000014b6c000000, 0x0000016b6c000000)
  region size 32768K, 1 young (32768K), 1 survivors (32768K)
 Metaspace       used 156928K, capacity 169826K, committed 169892K, reserved 169984K
}
Event: 168.740 GC heap before
{Heap before GC invocations=70 (full 0):
 garbage-first heap   total 5242880K, used 1017259K [0x0000014b6c000000, 0x0000016b6c000000)
  region size 32768K, 25 young (819200K), 1 survivors (32768K)
 Metaspace       used 157457K, capacity 170397K, committed 170404K, reserved 172032K
}

