# JRE version: Java(TM) SE Runtime Environment 18.9 (11.0.9+7) (build 11.0.9+7-LTS)
# Java VM: Java HotSpot(TM) 64-Bit Server VM 18.9 (11.0.9+7-LTS, mixed mode, tiered, g1 gc, windows-amd64)
Heap:
 garbage-first heap   total 5603328K, used 579915K [0x0000023824000000, 0x0000025824000000)
  region size 32768K, 1 young (32768K), 1 survivors (32768K)
 Metaspace       used 155578K, capacity 167919K, committed 168100K, reserved 169984K
GC Heap History (10 events):
Event: 145.819 GC heap after
{Heap after GC invocations=73 (full 0):
 garbage-first heap   total 2457600K, used 461523K [0x0000023824000000, 0x0000025824000000)
  region size 32768K, 2 young (65536K), 2 survivors (65536K)
 Metaspace       used 153879K, capacity 165576K, committed 165796K, reserved 165888K
}
Event: 149.864 GC heap before
{Heap before GC invocations=73 (full 0):
 garbage-first heap   total 2457600K, used 1280723K [0x0000023824000000, 0x0000025824000000)
  region size 32768K, 28 young (917504K), 2 survivors (65536K)
 Metaspace       used 153956K, capacity 165711K, committed 165796K, reserved 165888K
}
Event: 150.189 GC heap after
{Heap after GC invocations=74 (full 0):
 garbage-first heap   total 3637248K, used 464225K [0x0000023824000000, 0x0000025824000000)
  region size 32768K, 2 young (65536K), 2 survivors (65536K)
 Metaspace       used 153956K, capacity 165711K, committed 165796K, reserved 165888K
}
Event: 156.724 GC heap before
{Heap before GC invocations=74 (full 0):
 garbage-first heap   total 3637248K, used 988513K [0x0000023824000000, 0x0000025824000000)
  region size 32768K, 18 young (589824K), 2 survivors (65536K)
 Metaspace       used 154150K, capacity 165958K, committed 166052K, reserved 167936K
}
Event: 156.847 GC heap after
{Heap after GC invocations=75 (full 0):
 garbage-first heap   total 3637248K, used 455509K [0x0000023824000000, 0x0000025824000000)
  region size 32768K, 2 young (65536K), 2 survivors (65536K)
 Metaspace       used 154150K, capacity 165958K, committed 166052K, reserved 167936K
}
Event: 163.260 GC heap before
{Heap before GC invocations=75 (full 0):
 garbage-first heap   total 3637248K, used 1241941K [0x0000023824000000, 0x0000025824000000)
  region size 32768K, 27 young (884736K), 2 survivors (65536K)
 Metaspace       used 154532K, capacity 166548K, committed 166564K, reserved 167936K
}
Event: 163.658 GC heap after
{Heap after GC invocations=76 (full 0):
 garbage-first heap   total 3637248K, used 399975K [0x0000023824000000, 0x0000025824000000)
  region size 32768K, 2 young (65536K), 2 survivors (65536K)
 Metaspace       used 154532K, capacity 166548K, committed 166564K, reserved 167936K
}
Event: 166.219 GC heap before
{Heap before GC invocations=76 (full 0):
 garbage-first heap   total 3637248K, used 1251943K [0x0000023824000000, 0x0000025824000000)
  region size 32768K, 29 young (950272K), 2 survivors (65536K)
 Metaspace       used 154752K, capacity 166853K, committed 167076K, reserved 167936K
}
Event: 166.299 GC heap after
{Heap after GC invocations=77 (full 0):
 garbage-first heap   total 3637248K, used 394817K [0x0000023824000000, 0x0000025824000000)
  region size 32768K, 2 young (65536K), 2 survivors (65536K)
 Metaspace       used 154752K, capacity 166853K, committed 167076K, reserved 167936K
}
Event: 174.551 GC heap before
{Heap before GC invocations=77 (full 0):
 garbage-first heap   total 3637248K, used 1443393K [0x0000023824000000, 0x0000025824000000)
  region size 32768K, 29 young (950272K), 2 survivors (65536K)
 Metaspace       used 155578K, capacity 167919K, committed 168100K, reserved 169984K
}

