# JRE version: Java(TM) SE Runtime Environment 18.9 (11.0.9+7) (build 11.0.9+7-LTS)
# Java VM: Java HotSpot(TM) 64-Bit Server VM 18.9 (11.0.9+7-LTS, mixed mode, tiered, g1 gc, windows-amd64)
Heap:
 garbage-first heap   total 6717440K, used 535991K [0x0000015cbe000000, 0x0000017cbe000000)
  region size 32768K, 2 young (65536K), 2 survivors (65536K)
 Metaspace       used 154104K, capacity 166099K, committed 166308K, reserved 167936K
GC Heap History (10 events):
Event: 112.012 GC heap after
{Heap after GC invocations=68 (full 0):
 garbage-first heap   total 3342336K, used 526332K [0x0000015cbe000000, 0x0000017cbe000000)
  region size 32768K, 1 young (32768K), 1 survivors (32768K)
 Metaspace       used 153730K, capacity 165575K, committed 165796K, reserved 165888K
}
Event: 112.648 GC heap before
{Heap before GC invocations=68 (full 0):
 garbage-first heap   total 3342336K, used 821244K [0x0000015cbe000000, 0x0000017cbe000000)
  region size 32768K, 11 young (360448K), 1 survivors (32768K)
 Metaspace       used 153735K, capacity 165575K, committed 165796K, reserved 165888K
}
Event: 112.760 GC heap after
{Heap after GC invocations=69 (full 0):
 garbage-first heap   total 4030464K, used 526442K [0x0000015cbe000000, 0x0000017cbe000000)
  region size 32768K, 1 young (32768K), 1 survivors (32768K)
 Metaspace       used 153735K, capacity 165575K, committed 165796K, reserved 165888K
}
Event: 114.936 GC heap before
{Heap before GC invocations=69 (full 0):
 garbage-first heap   total 4030464K, used 821354K [0x0000015cbe000000, 0x0000017cbe000000)
  region size 32768K, 11 young (360448K), 1 survivors (32768K)
 Metaspace       used 153823K, capacity 165699K, committed 165796K, reserved 165888K
}
Event: 114.985 GC heap after
{Heap after GC invocations=70 (full 0):
 garbage-first heap   total 4030464K, used 528362K [0x0000015cbe000000, 0x0000017cbe000000)
  region size 32768K, 1 young (32768K), 1 survivors (32768K)
 Metaspace       used 153823K, capacity 165699K, committed 165796K, reserved 165888K
}
Event: 116.388 GC heap before
{Heap before GC invocations=70 (full 0):
 garbage-first heap   total 4030464K, used 856042K [0x0000015cbe000000, 0x0000017cbe000000)
  region size 32768K, 12 young (393216K), 1 survivors (32768K)
 Metaspace       used 153843K, capacity 165705K, committed 165796K, reserved 165888K
}
Event: 116.459 GC heap after
{Heap after GC invocations=71 (full 0):
 garbage-first heap   total 4030464K, used 525260K [0x0000015cbe000000, 0x0000017cbe000000)
  region size 32768K, 1 young (32768K), 1 survivors (32768K)
 Metaspace       used 153843K, capacity 165705K, committed 165796K, reserved 165888K
}
Event: 118.776 GC heap before
{Heap before GC invocations=71 (full 0):
 garbage-first heap   total 4030464K, used 885708K [0x0000015cbe000000, 0x0000017cbe000000)
  region size 32768K, 12 young (393216K), 1 survivors (32768K)
 Metaspace       used 153956K, capacity 165845K, committed 166052K, reserved 167936K
}
Event: 118.797 GC heap after
{Heap after GC invocations=72 (full 0):
 garbage-first heap   total 4030464K, used 524752K [0x0000015cbe000000, 0x0000017cbe000000)
  region size 32768K, 1 young (32768K), 1 survivors (32768K)
 Metaspace       used 153956K, capacity 165845K, committed 166052K, reserved 167936K
}
Event: 120.055 GC heap before
{Heap before GC invocations=72 (full 0):
 garbage-first heap   total 4030464K, used 917968K [0x0000015cbe000000, 0x0000017cbe000000)
  region size 32768K, 14 young (458752K), 1 survivors (32768K)
 Metaspace       used 154104K, capacity 166099K, committed 166308K, reserved 167936K
}

