# JRE version: Java(TM) SE Runtime Environment 18.9 (11.0.9+7) (build 11.0.9+7-LTS)
# Java VM: Java HotSpot(TM) 64-Bit Server VM 18.9 (11.0.9+7-LTS, mixed mode, tiered, g1 gc, windows-amd64)
Heap:
 garbage-first heap   total 3833856K, used 479383K [0x0000017044000000, 0x0000019044000000)
  region size 32768K, 2 young (65536K), 2 survivors (65536K)
 Metaspace       used 158585K, capacity 171620K, committed 171684K, reserved 172032K
GC Heap History (10 events):
Event: 141.225 GC heap after
{Heap after GC invocations=65 (full 0):
 garbage-first heap   total 2392064K, used 835494K [0x0000017044000000, 0x0000019044000000)
  region size 32768K, 1 young (32768K), 1 survivors (32768K)
 Metaspace       used 156265K, capacity 168821K, committed 168868K, reserved 169984K
}
Event: 145.658 GC heap before
{Heap before GC invocations=65 (full 0):
 garbage-first heap   total 2392064K, used 1884070K [0x0000017044000000, 0x0000019044000000)
  region size 32768K, 29 young (950272K), 1 survivors (32768K)
 Metaspace       used 156574K, capacity 169166K, committed 169380K, reserved 169984K
}
Event: 145.853 GC heap after
{Heap after GC invocations=66 (full 0):
 garbage-first heap   total 3178496K, used 581782K [0x0000017044000000, 0x0000019044000000)
  region size 32768K, 2 young (65536K), 2 survivors (65536K)
 Metaspace       used 156574K, capacity 169166K, committed 169380K, reserved 169984K
}
Event: 153.705 GC heap before
{Heap before GC invocations=67 (full 0):
 garbage-first heap   total 3178496K, used 1695894K [0x0000017044000000, 0x0000019044000000)
  region size 32768K, 33 young (1081344K), 2 survivors (65536K)
 Metaspace       used 155906K, capacity 167807K, committed 169380K, reserved 169984K
}
Event: 153.795 GC heap after
{Heap after GC invocations=68 (full 0):
 garbage-first heap   total 3178496K, used 443613K [0x0000017044000000, 0x0000019044000000)
  region size 32768K, 1 young (32768K), 1 survivors (32768K)
 Metaspace       used 155906K, capacity 167807K, committed 169380K, reserved 169984K
}
Event: 158.828 GC heap before
{Heap before GC invocations=68 (full 0):
 garbage-first heap   total 3178496K, used 1557725K [0x0000017044000000, 0x0000019044000000)
  region size 32768K, 36 young (1179648K), 1 survivors (32768K)
 Metaspace       used 156620K, capacity 168726K, committed 169380K, reserved 169984K
}
Event: 158.962 GC heap after
{Heap after GC invocations=69 (full 0):
 garbage-first heap   total 3178496K, used 253087K [0x0000017044000000, 0x0000019044000000)
  region size 32768K, 1 young (32768K), 1 survivors (32768K)
 Metaspace       used 156620K, capacity 168726K, committed 169380K, reserved 169984K
}
Event: 165.229 GC heap before
{Heap before GC invocations=69 (full 0):
 garbage-first heap   total 3178496K, used 1531039K [0x0000017044000000, 0x0000019044000000)
  region size 32768K, 41 young (1343488K), 1 survivors (32768K)
 Metaspace       used 157638K, capacity 170140K, committed 170148K, reserved 172032K
}
Event: 165.439 GC heap after
{Heap after GC invocations=70 (full 0):
 garbage-first heap   total 3178496K, used 262235K [0x0000017044000000, 0x0000019044000000)
  region size 32768K, 2 young (65536K), 2 survivors (65536K)
 Metaspace       used 157638K, capacity 170140K, committed 170148K, reserved 172032K
}
Event: 172.926 GC heap before
{Heap before GC invocations=70 (full 0):
 garbage-first heap   total 3178496K, used 1540187K [0x0000017044000000, 0x0000019044000000)
  region size 32768K, 36 young (1179648K), 2 survivors (65536K)
 Metaspace       used 158585K, capacity 171620K, committed 171684K, reserved 172032K
}

