# JRE version: Java(TM) SE Runtime Environment 18.9 (11.0.9+7) (build 11.0.9+7-LTS)
# Java VM: Java HotSpot(TM) 64-Bit Server VM 18.9 (11.0.9+7-LTS, mixed mode, tiered, g1 gc, windows-amd64)
Heap:
 garbage-first heap   total 8126464K, used 259680K [0x000002e01e000000, 0x000003001e000000)
  region size 32768K, 1 young (32768K), 1 survivors (32768K)
 Metaspace       used 158848K, capacity 172320K, committed 172452K, reserved 174080K
GC Heap History (10 events):
Event: 159.571 GC heap after
{Heap after GC invocations=68 (full 0):
 garbage-first heap   total 5308416K, used 575226K [0x000002e01e000000, 0x000003001e000000)
  region size 32768K, 1 young (32768K), 1 survivors (32768K)
 Metaspace       used 156351K, capacity 169082K, committed 169124K, reserved 169984K
}
Event: 162.325 GC heap before
{Heap before GC invocations=68 (full 0):
 garbage-first heap   total 5308416K, used 1132282K [0x000002e01e000000, 0x000003001e000000)
  region size 32768K, 17 young (557056K), 1 survivors (32768K)
 Metaspace       used 156536K, capacity 169282K, committed 169380K, reserved 169984K
}
Event: 162.372 GC heap after
{Heap after GC invocations=69 (full 0):
 garbage-first heap   total 5308416K, used 514104K [0x000002e01e000000, 0x000003001e000000)
  region size 32768K, 1 young (32768K), 1 survivors (32768K)
 Metaspace       used 156536K, capacity 169282K, committed 169380K, reserved 169984K
}
Event: 165.797 GC heap before
{Heap before GC invocations=69 (full 0):
 garbage-first heap   total 5308416K, used 1202232K [0x000002e01e000000, 0x000003001e000000)
  region size 32768K, 21 young (688128K), 1 survivors (32768K)
 Metaspace       used 157076K, capacity 170081K, committed 170148K, reserved 172032K
}
Event: 165.830 GC heap after
{Heap after GC invocations=70 (full 0):
 garbage-first heap   total 5308416K, used 442985K [0x000002e01e000000, 0x000003001e000000)
  region size 32768K, 1 young (32768K), 1 survivors (32768K)
 Metaspace       used 157076K, capacity 170081K, committed 170148K, reserved 172032K
}
Event: 169.616 GC heap before
{Heap before GC invocations=70 (full 0):
 garbage-first heap   total 5308416K, used 1229417K [0x000002e01e000000, 0x000003001e000000)
  region size 32768K, 26 young (851968K), 1 survivors (32768K)
 Metaspace       used 157512K, capacity 170514K, committed 170660K, reserved 172032K
}
Event: 169.644 GC heap after
{Heap after GC invocations=71 (full 0):
 garbage-first heap   total 5308416K, used 247603K [0x000002e01e000000, 0x000003001e000000)
  region size 32768K, 1 young (32768K), 1 survivors (32768K)
 Metaspace       used 157512K, capacity 170514K, committed 170660K, reserved 172032K
}
Event: 174.468 GC heap before
{Heap before GC invocations=71 (full 0):
 garbage-first heap   total 5308416K, used 1263411K [0x000002e01e000000, 0x000003001e000000)
  region size 32768K, 33 young (1081344K), 1 survivors (32768K)
 Metaspace       used 158444K, capacity 171731K, committed 171940K, reserved 172032K
}
Event: 174.619 GC heap after
{Heap after GC invocations=72 (full 0):
 garbage-first heap   total 5308416K, used 250933K [0x000002e01e000000, 0x000003001e000000)
  region size 32768K, 1 young (32768K), 1 survivors (32768K)
 Metaspace       used 158444K, capacity 171731K, committed 171940K, reserved 172032K
}
Event: 178.686 GC heap before
{Heap before GC invocations=72 (full 0):
 garbage-first heap   total 5308416K, used 873525K [0x000002e01e000000, 0x000003001e000000)
  region size 32768K, 21 young (688128K), 1 survivors (32768K)
 Metaspace       used 158848K, capacity 172320K, committed 172452K, reserved 174080K
}

