# JRE version: Java(TM) SE Runtime Environment 18.9 (11.0.9+7) (build 11.0.9+7-LTS)
# Java VM: Java HotSpot(TM) 64-Bit Server VM 18.9 (11.0.9+7-LTS, mixed mode, tiered, g1 gc, windows-amd64)
Heap:
 garbage-first heap   total 4128768K, used 399301K [0x000001cf42000000, 0x000001ef42000000)
  region size 32768K, 2 young (65536K), 2 survivors (65536K)
 Metaspace       used 161238K, capacity 175622K, committed 175872K, reserved 176128K
GC Heap History (10 events):
Event: 149.942 GC heap after
{Heap after GC invocations=71 (full 0):
 garbage-first heap   total 2293760K, used 438403K [0x000001cf42000000, 0x000001ef42000000)
  region size 32768K, 1 young (32768K), 1 survivors (32768K)
 Metaspace       used 154281K, capacity 166380K, committed 166400K, reserved 167936K
}
Event: 164.318 GC heap before
{Heap before GC invocations=71 (full 0):
 garbage-first heap   total 2293760K, used 2142339K [0x000001cf42000000, 0x000001ef42000000)
  region size 32768K, 42 young (1376256K), 1 survivors (32768K)
 Metaspace       used 155378K, capacity 167714K, committed 167936K, reserved 167936K
}
Event: 164.552 GC heap after
{Heap after GC invocations=72 (full 0):
 garbage-first heap   total 2949120K, used 766783K [0x000001cf42000000, 0x000001ef42000000)
  region size 32768K, 1 young (32768K), 1 survivors (32768K)
 Metaspace       used 155378K, capacity 167714K, committed 167936K, reserved 167936K
}
Event: 185.334 GC heap before
{Heap before GC invocations=72 (full 0):
 garbage-first heap   total 2949120K, used 2863935K [0x000001cf42000000, 0x000001ef42000000)
  region size 32768K, 54 young (1769472K), 1 survivors (32768K)
 Metaspace       used 156163K, capacity 168780K, committed 168960K, reserved 169984K
}
Event: 185.650 GC heap after
{Heap after GC invocations=73 (full 0):
 garbage-first heap   total 2981888K, used 719103K [0x000001cf42000000, 0x000001ef42000000)
  region size 32768K, 2 young (65536K), 2 survivors (65536K)
 Metaspace       used 156163K, capacity 168780K, committed 168960K, reserved 169984K
}
Event: 200.716 GC heap before
{Heap before GC invocations=73 (full 0):
 garbage-first heap   total 2981888K, used 2390271K [0x000001cf42000000, 0x000001ef42000000)
  region size 32768K, 54 young (1769472K), 2 survivors (65536K)
 Metaspace       used 157259K, capacity 170169K, committed 170240K, reserved 172032K
}
Event: 201.202 GC heap after
{Heap after GC invocations=74 (full 0):
 garbage-first heap   total 2981888K, used 257787K [0x000001cf42000000, 0x000001ef42000000)
  region size 32768K, 2 young (65536K), 2 survivors (65536K)
 Metaspace       used 157259K, capacity 170169K, committed 170240K, reserved 172032K
}
Event: 221.339 GC heap before
{Heap before GC invocations=74 (full 0):
 garbage-first heap   total 2981888K, used 1928955K [0x000001cf42000000, 0x000001ef42000000)
  region size 32768K, 54 young (1769472K), 2 survivors (65536K)
 Metaspace       used 159620K, capacity 173195K, committed 173312K, reserved 174080K
}
Event: 221.658 GC heap after
{Heap after GC invocations=75 (full 0):
 garbage-first heap   total 2981888K, used 261477K [0x000001cf42000000, 0x000001ef42000000)
  region size 32768K, 2 young (65536K), 2 survivors (65536K)
 Metaspace       used 159620K, capacity 173195K, committed 173312K, reserved 174080K
}
Event: 241.764 GC heap before
{Heap before GC invocations=75 (full 0):
 garbage-first heap   total 2981888K, used 2063717K [0x000001cf42000000, 0x000001ef42000000)
  region size 32768K, 54 young (1769472K), 2 survivors (65536K)
 Metaspace       used 161238K, capacity 175622K, committed 175872K, reserved 176128K
}

