# JRE version: Java(TM) SE Runtime Environment 18.9 (11.0.9+7) (build 11.0.9+7-LTS)
# Java VM: Java HotSpot(TM) 64-Bit Server VM 18.9 (11.0.9+7-LTS, mixed mode, tiered, g1 gc, windows-amd64)
Heap:
 garbage-first heap   total 6619136K, used 406163K [0x000001ecf6000000, 0x0000020cf6000000)
  region size 32768K, 1 young (32768K), 1 survivors (32768K)
 Metaspace       used 153127K, capacity 164902K, committed 165028K, reserved 165888K
GC Heap History (10 events):
Event: 120.964 GC heap after
{Heap after GC invocations=64 (full 0):
 garbage-first heap   total 2752512K, used 390487K [0x000001ecf6000000, 0x0000020cf6000000)
  region size 32768K, 1 young (32768K), 1 survivors (32768K)
 Metaspace       used 152568K, capacity 164156K, committed 164260K, reserved 165888K
}
Event: 122.608 GC heap before
{Heap before GC invocations=64 (full 0):
 garbage-first heap   total 2752512K, used 718167K [0x000001ecf6000000, 0x0000020cf6000000)
  region size 32768K, 12 young (393216K), 1 survivors (32768K)
 Metaspace       used 152654K, capacity 164288K, committed 164516K, reserved 165888K
}
Event: 122.649 GC heap after
{Heap after GC invocations=65 (full 0):
 garbage-first heap   total 3309568K, used 397758K [0x000001ecf6000000, 0x0000020cf6000000)
  region size 32768K, 1 young (32768K), 1 survivors (32768K)
 Metaspace       used 152654K, capacity 164288K, committed 164516K, reserved 165888K
}
Event: 127.937 GC heap before
{Heap before GC invocations=65 (full 0):
 garbage-first heap   total 3309568K, used 758206K [0x000001ecf6000000, 0x0000020cf6000000)
  region size 32768K, 13 young (425984K), 1 survivors (32768K)
 Metaspace       used 152830K, capacity 164520K, committed 164772K, reserved 165888K
}
Event: 128.417 GC heap after
{Heap after GC invocations=66 (full 0):
 garbage-first heap   total 3309568K, used 403281K [0x000001ecf6000000, 0x0000020cf6000000)
  region size 32768K, 2 young (65536K), 2 survivors (65536K)
 Metaspace       used 152830K, capacity 164520K, committed 164772K, reserved 165888K
}
Event: 129.013 GC heap before
{Heap before GC invocations=66 (full 0):
 garbage-first heap   total 3309568K, used 632657K [0x000001ecf6000000, 0x0000020cf6000000)
  region size 32768K, 9 young (294912K), 2 survivors (65536K)
 Metaspace       used 152873K, capacity 164544K, committed 164772K, reserved 165888K
}
Event: 129.064 GC heap after
{Heap after GC invocations=67 (full 0):
 garbage-first heap   total 3309568K, used 402419K [0x000001ecf6000000, 0x0000020cf6000000)
  region size 32768K, 2 young (65536K), 2 survivors (65536K)
 Metaspace       used 152873K, capacity 164544K, committed 164772K, reserved 165888K
}
Event: 130.243 GC heap before
{Heap before GC invocations=67 (full 0):
 garbage-first heap   total 3309568K, used 730099K [0x000001ecf6000000, 0x0000020cf6000000)
  region size 32768K, 13 young (425984K), 2 survivors (65536K)
 Metaspace       used 152881K, capacity 164545K, committed 164772K, reserved 165888K
}
Event: 130.290 GC heap after
{Heap after GC invocations=68 (full 0):
 garbage-first heap   total 3309568K, used 404031K [0x000001ecf6000000, 0x0000020cf6000000)
  region size 32768K, 2 young (65536K), 2 survivors (65536K)
 Metaspace       used 152881K, capacity 164545K, committed 164772K, reserved 165888K
}
Event: 131.952 GC heap before
{Heap before GC invocations=68 (full 0):
 garbage-first heap   total 3309568K, used 797247K [0x000001ecf6000000, 0x0000020cf6000000)
  region size 32768K, 15 young (491520K), 2 survivors (65536K)
 Metaspace       used 153127K, capacity 164902K, committed 165028K, reserved 165888K
}

