# JRE version: Java(TM) SE Runtime Environment 18.9 (11.0.9+7) (build 11.0.9+7-LTS)
# Java VM: Java HotSpot(TM) 64-Bit Server VM 18.9 (11.0.9+7-LTS, mixed mode, tiered, g1 gc, windows-amd64)
Heap:
 garbage-first heap   total 4849664K, used 463498K [0x00000210ca000000, 0x00000230ca000000)
  region size 32768K, 2 young (65536K), 2 survivors (65536K)
 Metaspace       used 159565K, capacity 172987K, committed 173220K, reserved 174080K
GC Heap History (10 events):
Event: 122.912 GC heap after
{Heap after GC invocations=71 (full 0):
 garbage-first heap   total 2293760K, used 767731K [0x00000210ca000000, 0x00000230ca000000)
  region size 32768K, 1 young (32768K), 1 survivors (32768K)
 Metaspace       used 155480K, capacity 168071K, committed 168100K, reserved 169984K
}
Event: 127.942 GC heap before
{Heap before GC invocations=71 (full 0):
 garbage-first heap   total 2293760K, used 1881843K [0x00000210ca000000, 0x00000230ca000000)
  region size 32768K, 29 young (950272K), 1 survivors (32768K)
 Metaspace       used 155834K, capacity 168495K, committed 168612K, reserved 169984K
}
Event: 128.261 GC heap after
{Heap after GC invocations=72 (full 0):
 garbage-first heap   total 3866624K, used 639862K [0x00000210ca000000, 0x00000230ca000000)
  region size 32768K, 1 young (32768K), 1 survivors (32768K)
 Metaspace       used 155834K, capacity 168495K, committed 168612K, reserved 169984K
}
Event: 136.850 GC heap before
{Heap before GC invocations=73 (full 0):
 garbage-first heap   total 3866624K, used 1721206K [0x00000210ca000000, 0x00000230ca000000)
  region size 32768K, 33 young (1081344K), 1 survivors (32768K)
 Metaspace       used 154985K, capacity 166780K, committed 168612K, reserved 169984K
}
Event: 136.932 GC heap after
{Heap after GC invocations=74 (full 0):
 garbage-first heap   total 3866624K, used 456736K [0x00000210ca000000, 0x00000230ca000000)
  region size 32768K, 2 young (65536K), 2 survivors (65536K)
 Metaspace       used 154985K, capacity 166780K, committed 168612K, reserved 169984K
}
Event: 142.727 GC heap before
{Heap before GC invocations=74 (full 0):
 garbage-first heap   total 3866624K, used 1669152K [0x00000210ca000000, 0x00000230ca000000)
  region size 32768K, 40 young (1310720K), 2 survivors (65536K)
 Metaspace       used 155793K, capacity 167689K, committed 168612K, reserved 169984K
}
Event: 142.820 GC heap after
{Heap after GC invocations=75 (full 0):
 garbage-first heap   total 3866624K, used 257413K [0x00000210ca000000, 0x00000230ca000000)
  region size 32768K, 2 young (65536K), 2 survivors (65536K)
 Metaspace       used 155793K, capacity 167689K, committed 168612K, reserved 169984K
}
Event: 152.013 GC heap before
{Heap before GC invocations=75 (full 0):
 garbage-first heap   total 3866624K, used 1699205K [0x00000210ca000000, 0x00000230ca000000)
  region size 32768K, 47 young (1540096K), 2 survivors (65536K)
 Metaspace       used 158010K, capacity 170475K, committed 170660K, reserved 172032K
}
Event: 152.091 GC heap after
{Heap after GC invocations=76 (full 0):
 garbage-first heap   total 3866624K, used 260812K [0x00000210ca000000, 0x00000230ca000000)
  region size 32768K, 2 young (65536K), 2 survivors (65536K)
 Metaspace       used 158010K, capacity 170475K, committed 170660K, reserved 172032K
}
Event: 165.774 GC heap before
{Heap before GC invocations=76 (full 0):
 garbage-first heap   total 3866624K, used 2325196K [0x00000210ca000000, 0x00000230ca000000)
  region size 32768K, 60 young (1966080K), 2 survivors (65536K)
 Metaspace       used 159565K, capacity 172987K, committed 173220K, reserved 174080K
}

