# JRE version: Java(TM) SE Runtime Environment 18.9 (11.0.9+7) (build 11.0.9+7-LTS)
# Java VM: Java HotSpot(TM) 64-Bit Server VM 18.9 (11.0.9+7-LTS, mixed mode, tiered, g1 gc, windows-amd64)
Heap:
 garbage-first heap   total 3997696K, used 880545K [0x000001f150000000, 0x0000021150000000)
  region size 32768K, 1 young (32768K), 1 survivors (32768K)
 Metaspace       used 156328K, capacity 168913K, committed 168960K, reserved 169984K
GC Heap History (10 events):
Event: 223.188 GC heap after
{Heap after GC invocations=86 (full 0):
 garbage-first heap   total 2457600K, used 620246K [0x000001f150000000, 0x0000021150000000)
  region size 32768K, 1 young (32768K), 1 survivors (32768K)
 Metaspace       used 154688K, capacity 166713K, committed 166912K, reserved 167936K
}
Event: 227.487 GC heap before
{Heap before GC invocations=86 (full 0):
 garbage-first heap   total 2457600K, used 1177302K [0x000001f150000000, 0x0000021150000000)
  region size 32768K, 19 young (622592K), 1 survivors (32768K)
 Metaspace       used 154863K, capacity 166913K, committed 167168K, reserved 167936K
}
Event: 227.551 GC heap after
{Heap after GC invocations=87 (full 0):
 garbage-first heap   total 2949120K, used 626592K [0x000001f150000000, 0x0000021150000000)
  region size 32768K, 2 young (65536K), 2 survivors (65536K)
 Metaspace       used 154863K, capacity 166913K, committed 167168K, reserved 167936K
}
Event: 231.953 GC heap before
{Heap before GC invocations=87 (full 0):
 garbage-first heap   total 2949120K, used 1216416K [0x000001f150000000, 0x0000021150000000)
  region size 32768K, 21 young (688128K), 2 survivors (65536K)
 Metaspace       used 155281K, capacity 167502K, committed 167680K, reserved 167936K
}
Event: 232.171 GC heap after
{Heap after GC invocations=88 (full 0):
 garbage-first heap   total 2949120K, used 635011K [0x000001f150000000, 0x0000021150000000)
  region size 32768K, 2 young (65536K), 2 survivors (65536K)
 Metaspace       used 155281K, capacity 167502K, committed 167680K, reserved 167936K
}
Event: 233.753 GC heap before
{Heap before GC invocations=88 (full 0):
 garbage-first heap   total 2949120K, used 1192067K [0x000001f150000000, 0x0000021150000000)
  region size 32768K, 20 young (655360K), 2 survivors (65536K)
 Metaspace       used 155318K, capacity 167570K, committed 167680K, reserved 167936K
}
Event: 233.799 GC heap after
{Heap after GC invocations=89 (full 0):
 garbage-first heap   total 2949120K, used 633725K [0x000001f150000000, 0x0000021150000000)
  region size 32768K, 2 young (65536K), 2 survivors (65536K)
 Metaspace       used 155318K, capacity 167570K, committed 167680K, reserved 167936K
}
Event: 239.897 GC heap before
{Heap before GC invocations=89 (full 0):
 garbage-first heap   total 2949120K, used 1420157K [0x000001f150000000, 0x0000021150000000)
  region size 32768K, 23 young (753664K), 2 survivors (65536K)
 Metaspace       used 156016K, capacity 168529K, committed 168704K, reserved 169984K
}
Event: 240.009 GC heap after
{Heap after GC invocations=90 (full 0):
 garbage-first heap   total 2949120K, used 750624K [0x000001f150000000, 0x0000021150000000)
  region size 32768K, 1 young (32768K), 1 survivors (32768K)
 Metaspace       used 156016K, capacity 168529K, committed 168704K, reserved 169984K
}
Event: 244.610 GC heap before
{Heap before GC invocations=90 (full 0):
 garbage-first heap   total 2949120K, used 1471520K [0x000001f150000000, 0x0000021150000000)
  region size 32768K, 20 young (655360K), 1 survivors (32768K)
 Metaspace       used 156328K, capacity 168913K, committed 168960K, reserved 169984K
}

